2024-10-20 14:08:33.327 INFO  (main) [] o.e.j.s.Server jetty-10.0.15; built: 2023-04-11T17:25:14.480Z; git: 68017dbd00236bb7e187330d7585a059610f661d; jvm 17.0.10+7
2024-10-20 14:08:33.469 WARN  (main) [] o.e.j.u.DeprecationWarning Using @Deprecated Class org.eclipse.jetty.servlet.listener.ELContextCleaner
2024-10-20 14:08:33.485 INFO  (main) [] o.a.s.s.CoreContainerProvider Using logger factory org.apache.logging.slf4j.Log4jLoggerFactory
2024-10-20 14:08:33.490 INFO  (main) [] o.a.s.s.CoreContainerProvider  ___      _       Welcome to Apache Solr™ version 9.3.0
2024-10-20 14:08:33.490 INFO  (main) [] o.a.s.s.CoreContainerProvider / __| ___| |_ _   Starting in standalone mode on port 8983
2024-10-20 14:08:33.490 INFO  (main) [] o.a.s.s.CoreContainerProvider \__ \/ _ \ | '_|  Install dir: /opt/solr-9.3.0
2024-10-20 14:08:33.490 INFO  (main) [] o.a.s.s.CoreContainerProvider |___/\___/_|_|    Start time: 2024-10-20T14:08:33.490506518Z
2024-10-20 14:08:33.492 INFO  (main) [] o.a.s.s.CoreContainerProvider Solr started with "-XX:+CrashOnOutOfMemoryError" that will crash on any OutOfMemoryError exception. The cause of the OOME will be logged in the crash file at the following path: /var/solr/logs/jvm_crash_11.log
2024-10-20 14:08:33.504 INFO  (main) [] o.a.s.s.CoreContainerProvider Solr Home: /var/solr/data (source: system property: solr.solr.home)
2024-10-20 14:08:33.513 INFO  (main) [] o.a.s.c.SolrXmlConfig solr.xml not found in SOLR_HOME, using built-in default
2024-10-20 14:08:33.513 INFO  (main) [] o.a.s.c.SolrXmlConfig Loading solr.xml from /opt/solr-9.3.0/server/solr/solr.xml
2024-10-20 14:08:33.537 INFO  (main) [] o.a.s.c.SolrResourceLoader Added 1 libs to classloader, from paths: [/opt/solr-9.3.0/lib]
2024-10-20 14:08:33.956 WARN  (main) [] o.a.s.u.StartupLoggingUtils Jetty request logging enabled. Will retain logs for last 3 days. See chapter "Configuring Logging" in reference guide for how to configure.
2024-10-20 14:08:33.957 WARN  (main) [] o.a.s.c.CoreContainer Not all security plugins configured!  authentication=disabled authorization=disabled.  Solr is only as secure as you make it. Consider configuring authentication/authorization before exposing Solr to users internal or external.  See https://s.apache.org/solrsecurity for more info
2024-10-20 14:08:34.031 INFO  (main) [] o.a.s.c.CorePropertiesLocator Found 1 core definitions underneath /var/solr/data
2024-10-20 14:08:34.031 INFO  (main) [] o.a.s.c.CorePropertiesLocator Cores are: [collection1]
2024-10-20 14:08:34.048 WARN  (coreLoadExecutor-10-thread-1) [ x:collection1] o.a.s.c.SolrConfig You should not use LATEST as luceneMatchVersion property: if you use this setting, and then Solr upgrades to a newer release of Lucene, sizable changes may happen. If precise back compatibility is important then you should instead explicitly specify an actual Lucene version.
2024-10-20 14:08:34.048 INFO  (coreLoadExecutor-10-thread-1) [ x:collection1] o.a.s.c.SolrConfig Using Lucene MatchVersion: 9.7.0
2024-10-20 14:08:34.088 INFO  (coreLoadExecutor-10-thread-1) [ x:collection1] o.a.s.s.IndexSchema Schema name=default-config
2024-10-20 14:08:34.131 INFO  (coreLoadExecutor-10-thread-1) [ x:collection1] o.a.s.s.IndexSchema Loaded schema default-config/1.6 with uniqueid field id
2024-10-20 14:08:34.214 INFO  (coreLoadExecutor-10-thread-1) [ x:collection1] o.a.s.c.CoreContainer Creating SolrCore 'collection1' using configuration from instancedir /var/solr/data/collection1, trusted=true
2024-10-20 14:08:34.242 INFO  (coreLoadExecutor-10-thread-1) [ x:collection1] o.a.s.c.SolrCore Opening new SolrCore at [/var/solr/data/collection1], dataDir=[/var/solr/data/collection1/data/]
2024-10-20 14:08:34.323 INFO  (main) [] o.a.s.j.SolrRequestAuthorizer Creating a new SolrRequestAuthorizer
2024-10-20 14:08:34.419 INFO  (main) [] o.e.j.s.h.ContextHandler Started o.e.j.w.WebAppContext@42257bdd{solr-jetty-context.xml,/solr,file:///opt/solr-9.3.0/server/solr-webapp/webapp/,AVAILABLE}{/opt/solr-9.3.0/server/solr-webapp/webapp}
2024-10-20 14:08:34.424 INFO  (main) [] o.e.j.s.RequestLogWriter Opened /var/solr/logs/2024_10_20.request.log
2024-10-20 14:08:34.431 INFO  (main) [] o.e.j.s.AbstractConnector Started ServerConnector@6f2cb653{HTTP/1.1, (http/1.1, h2c)}{0.0.0.0:8983}
2024-10-20 14:08:34.432 INFO  (main) [] o.e.j.s.Server Started Server@665e9289{STARTING}[10.0.15,sto=0] @1554ms
2024-10-20 14:08:34.562 INFO  (coreLoadExecutor-10-thread-1) [ x:collection1] o.a.s.j.SolrRequestAuthorizer Creating a new SolrRequestAuthorizer
2024-10-20 14:08:34.573 INFO  (coreLoadExecutor-10-thread-1) [ x:collection1] o.a.s.u.UpdateHandler Using UpdateLog implementation: org.apache.solr.update.UpdateLog
2024-10-20 14:08:34.573 INFO  (coreLoadExecutor-10-thread-1) [ x:collection1] o.a.s.u.UpdateLog Initializing UpdateLog: dataDir= defaultSyncLevel=FLUSH numRecordsToKeep=100 maxNumLogsToKeep=10 numVersionBuckets=65536
2024-10-20 14:08:34.581 INFO  (coreLoadExecutor-10-thread-1) [ x:collection1] o.a.s.u.CommitTracker Hard AutoCommit: if uncommitted for 30000ms; 
2024-10-20 14:08:34.581 INFO  (coreLoadExecutor-10-thread-1) [ x:collection1] o.a.s.u.CommitTracker Soft AutoCommit: if uncommitted for 1000ms; 
2024-10-20 14:08:34.655 INFO  (coreLoadExecutor-10-thread-1) [ x:collection1] o.a.s.r.ManagedResourceStorage File-based storage initialized to use dir: /var/solr/data/collection1/conf
2024-10-20 14:08:34.664 INFO  (coreLoadExecutor-10-thread-1) [ x:collection1] o.a.s.s.DirectSolrSpellChecker init: {name=default, field=_text_, classname=solr.DirectSolrSpellChecker, distanceMeasure=internal, accuracy=0.5, maxQueryFrequency=0.01, maxEdits=2, minPrefix=1, maxInspections=5, minQueryLength=4}
2024-10-20 14:08:34.669 INFO  (coreLoadExecutor-10-thread-1) [ x:collection1] o.a.s.h.ReplicationHandler Commits will be reserved for 10000 ms
2024-10-20 14:08:34.677 INFO  (searcherExecutor-12-thread-1-processing-collection1) [ x:collection1] o.a.s.c.QuerySenderListener QuerySenderListener done.
2024-10-20 14:08:34.677 INFO  (searcherExecutor-12-thread-1-processing-collection1) [ x:collection1] o.a.s.h.c.SpellCheckComponent Loading spell index for spellchecker: default
2024-10-20 14:08:34.687 INFO  (searcherExecutor-12-thread-1-processing-collection1) [ x:collection1] o.a.s.c.SolrCore Registered new searcher autowarm time: 0 ms
